<?xml version="1.0" encoding="UTF-8"?>
<!-- Generated by org.testng.reporters.JUnitReportReporter -->
<testsuite hostname="DESKTOP-R7HB36T" failures="0" tests="4" name="testcases.firebaseApp" time="17.726" errors="0" timestamp="2020-07-15T19:47:50 IST" skipped="0">
  <testcase classname="testcases.firebaseApp" name="openApplication" time="6.431"/>
  <testcase classname="testcases.firebaseApp" name="loginToApplication" time="2.237"/>
  <testcase classname="testcases.firebaseApp" name="registerStudent" time="7.230"/>
  <testcase classname="testcases.firebaseApp" name="uploadFile" time="1.828"/>
</testsuite> <!-- testcases.firebaseApp -->
