<?xml version="1.0" encoding="UTF-8"?>
<!-- Generated by org.testng.reporters.JUnitReportReporter -->
<testsuite hostname="DESKTOP-R7HB36T" failures="0" tests="2" name="testcases.ToolsQaFileUploading" time="24.721" errors="0" timestamp="2020-07-18T22:40:12 IST" skipped="0">
  <testcase classname="testcases.ToolsQaFileUploading" name="openApplication" time="22.407"/>
  <testcase classname="testcases.ToolsQaFileUploading" name="uploadFile" time="2.314"/>
</testsuite> <!-- testcases.ToolsQaFileUploading -->
