<?xml version="1.0" encoding="UTF-8"?>
<!-- Generated by org.testng.reporters.JUnitReportReporter -->
<testsuite hostname="DESKTOP-R7HB36T" failures="0" tests="2" name="testcases.EmailAutomation" time="9.977" errors="0" timestamp="2020-07-15T21:54:11 IST" skipped="0">
  <testcase classname="testcases.EmailAutomation" name="openApplication" time="9.971"/>
  <testcase classname="testcases.EmailAutomation" name="login" time="0.006"/>
</testsuite> <!-- testcases.EmailAutomation -->
