<?xml version="1.0" encoding="UTF-8"?>
<!-- Generated by org.testng.reporters.JUnitReportReporter -->
<testsuite hostname="DESKTOP-R7HB36T" failures="0" tests="4" name="testcases.firebaseApp" time="21.431" errors="0" timestamp="2020-07-15T22:15:24 IST" skipped="0">
  <testcase classname="testcases.firebaseApp" name="openApplication" time="6.421"/>
  <testcase classname="testcases.firebaseApp" name="loginToApplication" time="6.651"/>
  <testcase classname="testcases.firebaseApp" name="registerStudent" time="6.511"/>
  <testcase classname="testcases.firebaseApp" name="uploadFile" time="1.848"/>
</testsuite> <!-- testcases.firebaseApp -->
