<?xml version="1.0" encoding="UTF-8"?>
<!-- Generated by org.testng.reporters.JUnitReportReporter -->
<testsuite hostname="DESKTOP-R7HB36T" failures="0" tests="4" name="testcases.firebaseApp" time="22.861" errors="0" timestamp="2020-07-15T20:05:49 IST" skipped="0">
  <testcase classname="testcases.firebaseApp" name="openApplication" time="10.867"/>
  <testcase classname="testcases.firebaseApp" name="loginToApplication" time="0.622"/>
  <testcase classname="testcases.firebaseApp" name="registerStudent" time="7.627"/>
  <testcase classname="testcases.firebaseApp" name="uploadFile" time="3.745"/>
</testsuite> <!-- testcases.firebaseApp -->
