<?xml version="1.0" encoding="UTF-8"?>
<!-- Generated by org.testng.reporters.JUnitReportReporter -->
<testsuite hostname="DESKTOP-R7HB36T" failures="0" tests="2" name="testcases.TestIEBrowser" time="16.998" errors="0" timestamp="2020-07-18T22:40:12 IST" skipped="0">
  <testcase classname="testcases.TestIEBrowser" name="openApplication" time="16.887"/>
  <testcase classname="testcases.TestIEBrowser" name="printMessage" time="0.111"/>
</testsuite> <!-- testcases.TestIEBrowser -->
