<?xml version="1.0" encoding="UTF-8"?>
<!-- Generated by org.testng.reporters.JUnitReportReporter -->
<testsuite hostname="DESKTOP-R7HB36T" failures="0" tests="8" name="testcases.SpiceJetAutomation" time="35.656" errors="0" timestamp="2020-07-17T23:07:32 IST" skipped="0">
  <testcase classname="testcases.SpiceJetAutomation" name="launchApplication" time="11.433"/>
  <testcase classname="testcases.SpiceJetAutomation" name="searchAndSelectFromCity" time="7.703"/>
  <testcase classname="testcases.SpiceJetAutomation" name="searchAndSelectToCity" time="2.444"/>
  <testcase classname="testcases.SpiceJetAutomation" name="departDate" time="2.279"/>
  <testcase classname="testcases.SpiceJetAutomation" name="returnData" time="1.891"/>
  <testcase classname="testcases.SpiceJetAutomation" name="selectPassenger" time="0.863"/>
  <testcase classname="testcases.SpiceJetAutomation" name="selectCurrancy" time="0.125"/>
  <testcase classname="testcases.SpiceJetAutomation" name="searchFlight" time="8.918"/>
</testsuite> <!-- testcases.SpiceJetAutomation -->
