<?xml version="1.0" encoding="UTF-8"?>
<!-- Generated by org.testng.reporters.JUnitReportReporter -->
<testsuite hostname="DESKTOP-R7HB36T" failures="0" tests="4" name="testcases.firebaseApp" time="19.156" errors="0" timestamp="2020-07-17T22:16:06 IST" skipped="0">
  <testcase classname="testcases.firebaseApp" name="openApplication" time="3.725"/>
  <testcase classname="testcases.firebaseApp" name="loginToApplication" time="3.015"/>
  <testcase classname="testcases.firebaseApp" name="registerStudent" time="8.533"/>
  <testcase classname="testcases.firebaseApp" name="uploadFile" time="3.883"/>
</testsuite> <!-- testcases.firebaseApp -->
