<?xml version="1.0" encoding="UTF-8"?>
<!-- Generated by org.testng.reporters.JUnitReportReporter -->
<testsuite hostname="DESKTOP-R7HB36T" failures="0" tests="8" name="testcases.SpiceJetAutomation" time="45.676" errors="0" timestamp="2020-07-18T22:40:12 IST" skipped="0">
  <testcase classname="testcases.SpiceJetAutomation" name="launchApplication" time="23.319"/>
  <testcase classname="testcases.SpiceJetAutomation" name="searchAndSelectFromCity" time="5.129"/>
  <testcase classname="testcases.SpiceJetAutomation" name="searchAndSelectToCity" time="2.289"/>
  <testcase classname="testcases.SpiceJetAutomation" name="departDate" time="2.022"/>
  <testcase classname="testcases.SpiceJetAutomation" name="returnData" time="2.155"/>
  <testcase classname="testcases.SpiceJetAutomation" name="selectPassenger" time="0.901"/>
  <testcase classname="testcases.SpiceJetAutomation" name="selectCurrancy" time="0.127"/>
  <testcase classname="testcases.SpiceJetAutomation" name="searchFlight" time="9.734"/>
</testsuite> <!-- testcases.SpiceJetAutomation -->
