<?xml version="1.0" encoding="UTF-8"?>
<!-- Generated by org.testng.reporters.JUnitReportReporter -->
<testsuite hostname="DESKTOP-R7HB36T" failures="0" tests="8" name="testcases.SpiceJetAutomation" time="37.935" errors="0" timestamp="2020-07-15T22:15:24 IST" skipped="0">
  <testcase classname="testcases.SpiceJetAutomation" name="launchApplication" time="12.467"/>
  <testcase classname="testcases.SpiceJetAutomation" name="searchAndSelectFromCity" time="9.069"/>
  <testcase classname="testcases.SpiceJetAutomation" name="searchAndSelectToCity" time="2.717"/>
  <testcase classname="testcases.SpiceJetAutomation" name="departDate" time="1.983"/>
  <testcase classname="testcases.SpiceJetAutomation" name="returnData" time="1.926"/>
  <testcase classname="testcases.SpiceJetAutomation" name="selectPassenger" time="0.802"/>
  <testcase classname="testcases.SpiceJetAutomation" name="selectCurrancy" time="0.123"/>
  <testcase classname="testcases.SpiceJetAutomation" name="searchFlight" time="8.848"/>
</testsuite> <!-- testcases.SpiceJetAutomation -->
