<?xml version="1.0" encoding="UTF-8"?>
<!-- Generated by org.testng.reporters.JUnitReportReporter -->
<testsuite hostname="DESKTOP-R7HB36T" failures="0" tests="4" name="testcases.firebaseApp" time="15.453" errors="0" timestamp="2020-07-15T21:54:11 IST" skipped="0">
  <testcase classname="testcases.firebaseApp" name="openApplication" time="2.944"/>
  <testcase classname="testcases.firebaseApp" name="loginToApplication" time="4.134"/>
  <testcase classname="testcases.firebaseApp" name="registerStudent" time="7.075"/>
  <testcase classname="testcases.firebaseApp" name="uploadFile" time="1.300"/>
</testsuite> <!-- testcases.firebaseApp -->
