<?xml version="1.0" encoding="UTF-8"?>
<!-- Generated by org.testng.reporters.JUnitReportReporter -->
<testsuite hostname="DESKTOP-R7HB36T" failures="0" tests="8" name="testcases.SpiceJetAutomation" time="41.727" errors="0" timestamp="2020-07-17T22:16:06 IST" skipped="0">
  <testcase classname="testcases.SpiceJetAutomation" name="launchApplication" time="20.449"/>
  <testcase classname="testcases.SpiceJetAutomation" name="searchAndSelectFromCity" time="3.368"/>
  <testcase classname="testcases.SpiceJetAutomation" name="searchAndSelectToCity" time="2.559"/>
  <testcase classname="testcases.SpiceJetAutomation" name="departDate" time="1.994"/>
  <testcase classname="testcases.SpiceJetAutomation" name="returnData" time="1.969"/>
  <testcase classname="testcases.SpiceJetAutomation" name="selectPassenger" time="0.800"/>
  <testcase classname="testcases.SpiceJetAutomation" name="selectCurrancy" time="0.124"/>
  <testcase classname="testcases.SpiceJetAutomation" name="searchFlight" time="10.464"/>
</testsuite> <!-- testcases.SpiceJetAutomation -->
