<?xml version="1.0" encoding="UTF-8"?>
<!-- Generated by org.testng.reporters.JUnitReportReporter -->
<testsuite hostname="DESKTOP-R7HB36T" failures="0" tests="4" name="testcases.firebaseApp" time="17.914" errors="0" timestamp="2020-07-17T23:07:32 IST" skipped="0">
  <testcase classname="testcases.firebaseApp" name="openApplication" time="2.938"/>
  <testcase classname="testcases.firebaseApp" name="loginToApplication" time="5.912"/>
  <testcase classname="testcases.firebaseApp" name="registerStudent" time="6.189"/>
  <testcase classname="testcases.firebaseApp" name="uploadFile" time="2.875"/>
</testsuite> <!-- testcases.firebaseApp -->
