<?xml version="1.0" encoding="UTF-8"?>
<!-- Generated by org.testng.reporters.JUnitReportReporter -->
<testsuite hostname="DESKTOP-R7HB36T" failures="0" tests="4" name="testcases.firebaseApp" time="24.375" errors="0" timestamp="2020-07-18T22:40:12 IST" skipped="0">
  <testcase classname="testcases.firebaseApp" name="openApplication" time="3.911"/>
  <testcase classname="testcases.firebaseApp" name="loginToApplication" time="2.796"/>
  <testcase classname="testcases.firebaseApp" name="registerStudent" time="10.430"/>
  <testcase classname="testcases.firebaseApp" name="uploadFile" time="7.238"/>
</testsuite> <!-- testcases.firebaseApp -->
