<?xml version="1.0" encoding="UTF-8"?>
<!-- Generated by org.testng.reporters.JUnitReportReporter -->
<testsuite hostname="DESKTOP-R7HB36T" failures="0" tests="8" name="testcases.SpiceJetAutomation" time="34.509" errors="0" timestamp="2020-07-15T21:54:11 IST" skipped="0">
  <testcase classname="testcases.SpiceJetAutomation" name="launchApplication" time="7.189"/>
  <testcase classname="testcases.SpiceJetAutomation" name="searchAndSelectFromCity" time="9.907"/>
  <testcase classname="testcases.SpiceJetAutomation" name="searchAndSelectToCity" time="3.368"/>
  <testcase classname="testcases.SpiceJetAutomation" name="departDate" time="2.426"/>
  <testcase classname="testcases.SpiceJetAutomation" name="returnData" time="1.974"/>
  <testcase classname="testcases.SpiceJetAutomation" name="selectPassenger" time="0.828"/>
  <testcase classname="testcases.SpiceJetAutomation" name="selectCurrancy" time="0.126"/>
  <testcase classname="testcases.SpiceJetAutomation" name="searchFlight" time="8.691"/>
</testsuite> <!-- testcases.SpiceJetAutomation -->
