<?xml version="1.0" encoding="UTF-8"?>
<!-- Generated by org.testng.reporters.JUnitReportReporter -->
<testsuite hostname="DESKTOP-R7HB36T" failures="0" tests="2" name="testcases.EmailAutomation" time="16.331" errors="0" timestamp="2020-07-18T22:40:12 IST" skipped="0">
  <testcase classname="testcases.EmailAutomation" name="openApplication" time="16.328"/>
  <testcase classname="testcases.EmailAutomation" name="login" time="0.003"/>
</testsuite> <!-- testcases.EmailAutomation -->
