<?xml version="1.0" encoding="UTF-8"?>
<!-- Generated by org.testng.reporters.JUnitReportReporter -->
<testsuite hostname="DESKTOP-R7HB36T" failures="0" tests="2" name="testcases.ToolsQaFileUploading" time="22.264" errors="0" timestamp="2020-07-17T23:07:32 IST" skipped="0">
  <testcase classname="testcases.ToolsQaFileUploading" name="openApplication" time="19.784"/>
  <testcase classname="testcases.ToolsQaFileUploading" name="uploadFile" time="2.480"/>
</testsuite> <!-- testcases.ToolsQaFileUploading -->
