<?xml version="1.0" encoding="UTF-8"?>
<!-- Generated by org.testng.reporters.JUnitReportReporter -->
<testsuite hostname="DESKTOP-R7HB36T" failures="0" tests="8" name="testcases.SpiceJetAutomation" time="33.507" errors="0" timestamp="2020-07-15T19:47:50 IST" skipped="0">
  <testcase classname="testcases.SpiceJetAutomation" name="launchApplication" time="9.842"/>
  <testcase classname="testcases.SpiceJetAutomation" name="searchAndSelectFromCity" time="6.116"/>
  <testcase classname="testcases.SpiceJetAutomation" name="searchAndSelectToCity" time="2.974"/>
  <testcase classname="testcases.SpiceJetAutomation" name="departDate" time="2.062"/>
  <testcase classname="testcases.SpiceJetAutomation" name="returnData" time="1.942"/>
  <testcase classname="testcases.SpiceJetAutomation" name="selectPassenger" time="0.919"/>
  <testcase classname="testcases.SpiceJetAutomation" name="selectCurrancy" time="0.132"/>
  <testcase classname="testcases.SpiceJetAutomation" name="searchFlight" time="9.520"/>
</testsuite> <!-- testcases.SpiceJetAutomation -->
