<?xml version="1.0" encoding="UTF-8"?>
<!-- Generated by org.testng.reporters.JUnitReportReporter -->
<testsuite hostname="DESKTOP-R7HB36T" failures="0" tests="2" name="testcases.ToolsQaFileUploading" time="11.494" errors="0" timestamp="2020-07-15T19:47:50 IST" skipped="0">
  <testcase classname="testcases.ToolsQaFileUploading" name="openApplication" time="9.400"/>
  <testcase classname="testcases.ToolsQaFileUploading" name="uploadFile" time="2.094"/>
</testsuite> <!-- testcases.ToolsQaFileUploading -->
