<?xml version="1.0" encoding="UTF-8"?>
<!-- Generated by org.testng.reporters.JUnitReportReporter -->
<testsuite hostname="DESKTOP-R7HB36T" failures="0" tests="2" name="testcases.ToolsQaFileUploading" time="21.471" errors="0" timestamp="2020-07-15T22:15:24 IST" skipped="0">
  <testcase classname="testcases.ToolsQaFileUploading" name="openApplication" time="19.347"/>
  <testcase classname="testcases.ToolsQaFileUploading" name="uploadFile" time="2.124"/>
</testsuite> <!-- testcases.ToolsQaFileUploading -->
