<?xml version="1.0" encoding="UTF-8"?>
<!-- Generated by org.testng.reporters.JUnitReportReporter -->
<testsuite hostname="DESKTOP-R7HB36T" failures="0" tests="2" name="testcases.EmailAutomation" time="11.508" errors="0" timestamp="2020-07-17T20:26:24 IST" skipped="0">
  <testcase classname="testcases.EmailAutomation" name="openApplication" time="11.507"/>
  <testcase classname="testcases.EmailAutomation" name="login" time="0.001"/>
</testsuite> <!-- testcases.EmailAutomation -->
