<?xml version="1.0" encoding="UTF-8"?>
<!-- Generated by org.testng.reporters.JUnitReportReporter -->
<testsuite hostname="DESKTOP-R7HB36T" failures="0" tests="8" name="testcases.SpiceJetAutomation" time="51.499" errors="0" timestamp="2020-07-17T20:08:31 IST" skipped="0">
  <testcase classname="testcases.SpiceJetAutomation" name="launchApplication" time="27.968"/>
  <testcase classname="testcases.SpiceJetAutomation" name="searchAndSelectFromCity" time="4.491"/>
  <testcase classname="testcases.SpiceJetAutomation" name="searchAndSelectToCity" time="4.513"/>
  <testcase classname="testcases.SpiceJetAutomation" name="departDate" time="2.054"/>
  <testcase classname="testcases.SpiceJetAutomation" name="returnData" time="1.882"/>
  <testcase classname="testcases.SpiceJetAutomation" name="selectPassenger" time="0.847"/>
  <testcase classname="testcases.SpiceJetAutomation" name="selectCurrancy" time="0.119"/>
  <testcase classname="testcases.SpiceJetAutomation" name="searchFlight" time="9.625"/>
</testsuite> <!-- testcases.SpiceJetAutomation -->
