<?xml version="1.0" encoding="UTF-8"?>
<!-- Generated by org.testng.reporters.JUnitReportReporter -->
<testsuite hostname="DESKTOP-R7HB36T" failures="0" tests="8" name="testcases.SpiceJetAutomation" time="54.120" errors="0" timestamp="2020-07-17T20:26:25 IST" skipped="0">
  <testcase classname="testcases.SpiceJetAutomation" name="launchApplication" time="21.186"/>
  <testcase classname="testcases.SpiceJetAutomation" name="searchAndSelectFromCity" time="12.027"/>
  <testcase classname="testcases.SpiceJetAutomation" name="searchAndSelectToCity" time="3.143"/>
  <testcase classname="testcases.SpiceJetAutomation" name="departDate" time="2.341"/>
  <testcase classname="testcases.SpiceJetAutomation" name="returnData" time="1.931"/>
  <testcase classname="testcases.SpiceJetAutomation" name="selectPassenger" time="0.831"/>
  <testcase classname="testcases.SpiceJetAutomation" name="selectCurrancy" time="0.123"/>
  <testcase classname="testcases.SpiceJetAutomation" name="searchFlight" time="12.538"/>
</testsuite> <!-- testcases.SpiceJetAutomation -->
