<?xml version="1.0" encoding="UTF-8"?>
<!-- Generated by org.testng.reporters.JUnitReportReporter -->
<testsuite hostname="DESKTOP-R7HB36T" failures="0" tests="8" name="testcases.SpiceJetAutomation" time="42.755" errors="0" timestamp="2020-07-17T19:59:13 IST" skipped="0">
  <testcase classname="testcases.SpiceJetAutomation" name="launchApplication" time="21.007"/>
  <testcase classname="testcases.SpiceJetAutomation" name="searchAndSelectFromCity" time="4.208"/>
  <testcase classname="testcases.SpiceJetAutomation" name="searchAndSelectToCity" time="2.403"/>
  <testcase classname="testcases.SpiceJetAutomation" name="departDate" time="1.999"/>
  <testcase classname="testcases.SpiceJetAutomation" name="returnData" time="1.836"/>
  <testcase classname="testcases.SpiceJetAutomation" name="selectPassenger" time="0.956"/>
  <testcase classname="testcases.SpiceJetAutomation" name="selectCurrancy" time="0.110"/>
  <testcase classname="testcases.SpiceJetAutomation" name="searchFlight" time="10.236"/>
</testsuite> <!-- testcases.SpiceJetAutomation -->
