<?xml version="1.0" encoding="UTF-8"?>
<!-- Generated by org.testng.reporters.JUnitReportReporter -->
<testsuite hostname="DESKTOP-R7HB36T" failures="0" tests="2" name="testcases.ToolsQaFileUploading" time="27.870" errors="0" timestamp="2020-07-17T19:59:13 IST" skipped="0">
  <testcase classname="testcases.ToolsQaFileUploading" name="openApplication" time="25.788"/>
  <testcase classname="testcases.ToolsQaFileUploading" name="uploadFile" time="2.082"/>
</testsuite> <!-- testcases.ToolsQaFileUploading -->
