<?xml version="1.0" encoding="UTF-8"?>
<!-- Generated by org.testng.reporters.JUnitReportReporter -->
<testsuite hostname="DESKTOP-R7HB36T" failures="0" tests="2" name="testcases.ToolsQaFileUploading" time="54.939" errors="0" timestamp="2020-07-17T20:26:24 IST" skipped="0">
  <testcase classname="testcases.ToolsQaFileUploading" name="openApplication" time="52.751"/>
  <testcase classname="testcases.ToolsQaFileUploading" name="uploadFile" time="2.188"/>
</testsuite> <!-- testcases.ToolsQaFileUploading -->
