<?xml version="1.0" encoding="UTF-8"?>
<!-- Generated by org.testng.reporters.JUnitReportReporter -->
<testsuite hostname="DESKTOP-R7HB36T" failures="0" tests="4" name="testcases.firebaseApp" time="21.116" errors="0" timestamp="2020-07-17T19:59:13 IST" skipped="0">
  <testcase classname="testcases.firebaseApp" name="openApplication" time="2.859"/>
  <testcase classname="testcases.firebaseApp" name="loginToApplication" time="3.453"/>
  <testcase classname="testcases.firebaseApp" name="registerStudent" time="9.733"/>
  <testcase classname="testcases.firebaseApp" name="uploadFile" time="5.071"/>
</testsuite> <!-- testcases.firebaseApp -->
