<?xml version="1.0" encoding="UTF-8"?>
<!-- Generated by org.testng.reporters.JUnitReportReporter -->
<testsuite hostname="DESKTOP-R7HB36T" failures="0" tests="4" name="testcases.firebaseApp" time="21.411" errors="0" timestamp="2020-07-17T20:26:24 IST" skipped="0">
  <testcase classname="testcases.firebaseApp" name="openApplication" time="2.535"/>
  <testcase classname="testcases.firebaseApp" name="loginToApplication" time="1.523"/>
  <testcase classname="testcases.firebaseApp" name="registerStudent" time="6.403"/>
  <testcase classname="testcases.firebaseApp" name="uploadFile" time="10.950"/>
</testsuite> <!-- testcases.firebaseApp -->
