<?xml version="1.0" encoding="UTF-8"?>
<!-- Generated by org.testng.reporters.JUnitReportReporter -->
<testsuite hostname="DESKTOP-R7HB36T" failures="0" tests="8" name="testcases.SpiceJetAutomation" time="35.360" errors="0" timestamp="2020-07-17T22:58:45 IST" skipped="0">
  <testcase classname="testcases.SpiceJetAutomation" name="launchApplication" time="13.728"/>
  <testcase classname="testcases.SpiceJetAutomation" name="searchAndSelectFromCity" time="5.268"/>
  <testcase classname="testcases.SpiceJetAutomation" name="searchAndSelectToCity" time="3.122"/>
  <testcase classname="testcases.SpiceJetAutomation" name="departDate" time="2.414"/>
  <testcase classname="testcases.SpiceJetAutomation" name="returnData" time="2.033"/>
  <testcase classname="testcases.SpiceJetAutomation" name="selectPassenger" time="0.813"/>
  <testcase classname="testcases.SpiceJetAutomation" name="selectCurrancy" time="0.103"/>
  <testcase classname="testcases.SpiceJetAutomation" name="searchFlight" time="7.879"/>
</testsuite> <!-- testcases.SpiceJetAutomation -->
