<?xml version="1.0" encoding="UTF-8"?>
<!-- Generated by org.testng.reporters.JUnitReportReporter -->
<testsuite hostname="DESKTOP-R7HB36T" failures="0" tests="2" name="testcases.ToolsQaFileUploading" time="37.870" errors="0" timestamp="2020-07-17T20:08:31 IST" skipped="0">
  <testcase classname="testcases.ToolsQaFileUploading" name="openApplication" time="35.753"/>
  <testcase classname="testcases.ToolsQaFileUploading" name="uploadFile" time="2.117"/>
</testsuite> <!-- testcases.ToolsQaFileUploading -->
