<?xml version="1.0" encoding="UTF-8"?>
<!-- Generated by org.testng.reporters.JUnitReportReporter -->
<testsuite hostname="DESKTOP-R7HB36T" failures="0" tests="2" name="testcases.EmailAutomation" time="8.365" errors="0" timestamp="2020-07-17T22:58:45 IST" skipped="0">
  <testcase classname="testcases.EmailAutomation" name="openApplication" time="8.358"/>
  <testcase classname="testcases.EmailAutomation" name="login" time="0.007"/>
</testsuite> <!-- testcases.EmailAutomation -->
