<?xml version="1.0" encoding="UTF-8"?>
<!-- Generated by org.testng.reporters.JUnitReportReporter -->
<testsuite hostname="DESKTOP-R7HB36T" failures="0" tests="4" name="testcases.firebaseApp" time="20.666" errors="0" timestamp="2020-07-17T20:08:31 IST" skipped="0">
  <testcase classname="testcases.firebaseApp" name="openApplication" time="3.542"/>
  <testcase classname="testcases.firebaseApp" name="loginToApplication" time="1.657"/>
  <testcase classname="testcases.firebaseApp" name="registerStudent" time="6.508"/>
  <testcase classname="testcases.firebaseApp" name="uploadFile" time="8.959"/>
</testsuite> <!-- testcases.firebaseApp -->
